<?xml version="1.0" encoding="UTF-8"?>
<!-- Generated by org.testng.reporters.JUnitXMLReporter -->
<testsuite ignored="0" hostname="BabuGNair" failures="1" tests="3" name="Test" time="11.248" errors="0" timestamp="2024-09-09T15:13:58 IST">
  <testcase classname="TestCrimeReporting.CrimeReport" name="testlogo" time="0.555"/>
  <testcase classname="TestCrimeReporting.CrimeReport" name="testUrl" time="0.037">
    <failure type="java.lang.AssertionError" message="expected [http://hybrid.srishticampus.in/crime_reporting] but found [http://hybrid.srishticampus.in/crime_reporting/]">
      <![CDATA[java.lang.AssertionError: expected [http://hybrid.srishticampus.in/crime_reporting] but found [http://hybrid.srishticampus.in/crime_reporting/]
at TestCrimeReporting.CrimeReport.testUrl(CrimeReport.java:38)
at java.base/java.util.ArrayList.forEach(ArrayList.java:1511)
... Removed 33 stack frames]]>
    </failure>
  </testcase> <!-- testUrl -->
  <testcase classname="TestCrimeReporting.CrimeReport" name="testHomePageTitle" time="0.0">
    <skipped/>
  </testcase> <!-- testHomePageTitle -->
</testsuite> <!-- Test -->
